Connecting to database specified by database.yml
Connecting to database specified by database.yml
Connecting to database specified by database.yml
  [1m[36m (108.4ms)[0m  [1mCREATE TABLE `schema_migrations` (`version` varchar(255) NOT NULL) ENGINE=InnoDB[0m
  [1m[35m (63.0ms)[0m  CREATE UNIQUE INDEX `unique_schema_migrations` ON `schema_migrations` (`version`)
  [1m[36m (1.3ms)[0m  [1mSELECT `schema_migrations`.`version` FROM `schema_migrations` [0m
Migrating to CreatePosts (20140209044322)
  [1m[35m (34.3ms)[0m  CREATE TABLE `posts` (`id` int(11) DEFAULT NULL auto_increment PRIMARY KEY, `title` varchar(255), `text` text, `created_at` datetime NOT NULL, `updated_at` datetime NOT NULL) ENGINE=InnoDB
  [1m[36m (1.7ms)[0m  [1mINSERT INTO `schema_migrations` (`version`) VALUES ('20140209044322')[0m
Migrating to CreateComments (20140209044745)
  [1m[35m (26.4ms)[0m  CREATE TABLE `comments` (`id` int(11) DEFAULT NULL auto_increment PRIMARY KEY, `post_id` int(11), `text` text, `created_at` datetime NOT NULL, `updated_at` datetime NOT NULL) ENGINE=InnoDB
  [1m[36m (1.0ms)[0m  [1mINSERT INTO `schema_migrations` (`version`) VALUES ('20140209044745')[0m
  [1m[35m (0.2ms)[0m  SELECT `schema_migrations`.`version` FROM `schema_migrations` 


Started GET "/assets/rails.png" for 127.0.0.1 at 2014-02-09 15:57:08 +1100
Connecting to database specified by database.yml
Served asset /rails.png - 304 Not Modified (4ms)


Started GET "/posts" for 127.0.0.1 at 2014-02-09 15:58:30 +1100
Processing by PostsController#index as HTML
  [1m[36mPost Load (0.3ms)[0m  [1mSELECT `posts`.* FROM `posts` [0m
  Rendered posts/index.html.erb within layouts/application (2.7ms)
Compiled posts.css  (6ms)  (pid 67998)
Compiled scaffolds.css  (8ms)  (pid 67998)
Compiled application.css  (25ms)  (pid 67998)
Compiled jquery.js  (1ms)  (pid 67998)
Compiled jquery_ujs.js  (0ms)  (pid 67998)
Compiled posts.js  (172ms)  (pid 67998)
Compiled application.js  (236ms)  (pid 67998)
Completed 200 OK in 342.7ms (Views: 316.2ms | ActiveRecord: 5.0ms)


Started GET "/assets/posts.js?body=1" for 127.0.0.1 at 2014-02-09 15:58:30 +1100
Served asset /posts.js - 304 Not Modified (3ms)


Started GET "/assets/application.css?body=1" for 127.0.0.1 at 2014-02-09 15:58:30 +1100
Served asset /application.css - 304 Not Modified (5ms)


Started GET "/assets/application.js?body=1" for 127.0.0.1 at 2014-02-09 15:58:30 +1100
Served asset /application.js - 304 Not Modified (5ms)


Started GET "/assets/scaffolds.css?body=1" for 127.0.0.1 at 2014-02-09 15:58:30 +1100
Served asset /scaffolds.css - 304 Not Modified (1ms)


Started GET "/assets/posts.css?body=1" for 127.0.0.1 at 2014-02-09 15:58:30 +1100
Served asset /posts.css - 304 Not Modified (1ms)


Started GET "/assets/jquery.js?body=1" for 127.0.0.1 at 2014-02-09 15:58:30 +1100
Served asset /jquery.js - 304 Not Modified (2ms)


Started GET "/assets/jquery_ujs.js?body=1" for 127.0.0.1 at 2014-02-09 15:58:30 +1100
Served asset /jquery_ujs.js - 304 Not Modified (1ms)


Started GET "/posts/new" for 127.0.0.1 at 2014-02-09 15:58:42 +1100
Processing by PostsController#new as HTML
  Rendered posts/_form.html.erb (8.9ms)
  Rendered posts/new.html.erb within layouts/application (13.2ms)
Completed 200 OK in 21.4ms (Views: 16.8ms | ActiveRecord: 0.0ms)


Started GET "/assets/application.css?body=1" for 127.0.0.1 at 2014-02-09 15:58:42 +1100
Served asset /application.css - 304 Not Modified (0ms)


Started GET "/assets/scaffolds.css?body=1" for 127.0.0.1 at 2014-02-09 15:58:42 +1100
Served asset /scaffolds.css - 304 Not Modified (0ms)


Started GET "/assets/posts.css?body=1" for 127.0.0.1 at 2014-02-09 15:58:42 +1100
Served asset /posts.css - 304 Not Modified (0ms)


Started GET "/assets/jquery_ujs.js?body=1" for 127.0.0.1 at 2014-02-09 15:58:42 +1100
Served asset /jquery_ujs.js - 304 Not Modified (0ms)


Started GET "/assets/posts.js?body=1" for 127.0.0.1 at 2014-02-09 15:58:42 +1100
Served asset /posts.js - 304 Not Modified (0ms)


Started GET "/assets/jquery.js?body=1" for 127.0.0.1 at 2014-02-09 15:58:42 +1100
Served asset /jquery.js - 304 Not Modified (0ms)


Started GET "/assets/application.js?body=1" for 127.0.0.1 at 2014-02-09 15:58:42 +1100
Served asset /application.js - 304 Not Modified (0ms)


Started POST "/posts" for 127.0.0.1 at 2014-02-09 15:58:48 +1100
Processing by PostsController#create as HTML
  Parameters: {"utf8"=>"✓", "authenticity_token"=>"z0rDDBcEXelfA6MoGIR+wXck+3jN3QHo7J5iajqL37M=", "post"=>{"title"=>"book", "text"=>"books"}, "commit"=>"Create Post"}
  [1m[35m (0.1ms)[0m  BEGIN
  [1m[36mSQL (0.3ms)[0m  [1mINSERT INTO `posts` (`created_at`, `text`, `title`, `updated_at`) VALUES ('2014-02-09 04:58:48', 'books', 'book', '2014-02-09 04:58:48')[0m
  [1m[35m (0.3ms)[0m  COMMIT
Redirected to http://localhost:3000/posts/1
Completed 302 Found in 9.1ms (ActiveRecord: 0.7ms)


Started GET "/posts/1" for 127.0.0.1 at 2014-02-09 15:58:48 +1100
Processing by PostsController#show as HTML
  Parameters: {"id"=>"1"}
  [1m[36mPost Load (0.3ms)[0m  [1mSELECT `posts`.* FROM `posts` WHERE `posts`.`id` = 1 LIMIT 1[0m
  Rendered posts/show.html.erb within layouts/application (1.0ms)
Completed 200 OK in 6.2ms (Views: 4.1ms | ActiveRecord: 0.3ms)


Started GET "/assets/application.css?body=1" for 127.0.0.1 at 2014-02-09 15:58:48 +1100
Served asset /application.css - 304 Not Modified (0ms)


Started GET "/assets/posts.css?body=1" for 127.0.0.1 at 2014-02-09 15:58:48 +1100
Served asset /posts.css - 304 Not Modified (0ms)


Started GET "/assets/jquery.js?body=1" for 127.0.0.1 at 2014-02-09 15:58:48 +1100
Served asset /jquery.js - 304 Not Modified (0ms)


Started GET "/assets/scaffolds.css?body=1" for 127.0.0.1 at 2014-02-09 15:58:48 +1100
Served asset /scaffolds.css - 304 Not Modified (0ms)


Started GET "/assets/posts.js?body=1" for 127.0.0.1 at 2014-02-09 15:58:48 +1100
Served asset /posts.js - 304 Not Modified (0ms)


Started GET "/assets/jquery_ujs.js?body=1" for 127.0.0.1 at 2014-02-09 15:58:48 +1100
Served asset /jquery_ujs.js - 304 Not Modified (0ms)


Started GET "/assets/application.js?body=1" for 127.0.0.1 at 2014-02-09 15:58:48 +1100
Served asset /application.js - 304 Not Modified (0ms)


Started GET "/posts" for 127.0.0.1 at 2014-02-09 15:58:52 +1100
Processing by PostsController#index as HTML
  [1m[35mPost Load (0.3ms)[0m  SELECT `posts`.* FROM `posts` 
  Rendered posts/index.html.erb within layouts/application (0.9ms)
Completed 200 OK in 5.1ms (Views: 4.0ms | ActiveRecord: 0.3ms)


Started GET "/assets/jquery.js?body=1" for 127.0.0.1 at 2014-02-09 15:58:52 +1100
Served asset /jquery.js - 304 Not Modified (0ms)


Started GET "/assets/jquery_ujs.js?body=1" for 127.0.0.1 at 2014-02-09 15:58:52 +1100
Served asset /jquery_ujs.js - 304 Not Modified (0ms)


Started GET "/assets/scaffolds.css?body=1" for 127.0.0.1 at 2014-02-09 15:58:52 +1100
Served asset /scaffolds.css - 304 Not Modified (0ms)


Started GET "/assets/application.css?body=1" for 127.0.0.1 at 2014-02-09 15:58:52 +1100
Served asset /application.css - 304 Not Modified (0ms)


Started GET "/assets/posts.css?body=1" for 127.0.0.1 at 2014-02-09 15:58:52 +1100
Served asset /posts.css - 304 Not Modified (0ms)


Started GET "/assets/posts.js?body=1" for 127.0.0.1 at 2014-02-09 15:58:52 +1100
Served asset /posts.js - 304 Not Modified (0ms)


Started GET "/assets/application.js?body=1" for 127.0.0.1 at 2014-02-09 15:58:52 +1100
Served asset /application.js - 304 Not Modified (0ms)


Started GET "/posts/1" for 127.0.0.1 at 2014-02-09 15:58:55 +1100
Processing by PostsController#show as HTML
  Parameters: {"id"=>"1"}
  [1m[36mPost Load (0.3ms)[0m  [1mSELECT `posts`.* FROM `posts` WHERE `posts`.`id` = 1 LIMIT 1[0m
  Rendered posts/show.html.erb within layouts/application (0.4ms)
Completed 200 OK in 4.8ms (Views: 3.7ms | ActiveRecord: 0.3ms)


Started GET "/assets/application.css?body=1" for 127.0.0.1 at 2014-02-09 15:58:55 +1100
Served asset /application.css - 304 Not Modified (0ms)


Started GET "/assets/jquery_ujs.js?body=1" for 127.0.0.1 at 2014-02-09 15:58:55 +1100
Served asset /jquery_ujs.js - 304 Not Modified (0ms)


Started GET "/assets/scaffolds.css?body=1" for 127.0.0.1 at 2014-02-09 15:58:55 +1100
Served asset /scaffolds.css - 304 Not Modified (0ms)


Started GET "/assets/posts.js?body=1" for 127.0.0.1 at 2014-02-09 15:58:55 +1100
Served asset /posts.js - 304 Not Modified (0ms)


Started GET "/assets/jquery.js?body=1" for 127.0.0.1 at 2014-02-09 15:58:55 +1100
Served asset /jquery.js - 304 Not Modified (0ms)


Started GET "/assets/posts.css?body=1" for 127.0.0.1 at 2014-02-09 15:58:55 +1100
Served asset /posts.css - 304 Not Modified (0ms)


Started GET "/assets/application.js?body=1" for 127.0.0.1 at 2014-02-09 15:58:55 +1100
Served asset /application.js - 304 Not Modified (0ms)


Started GET "/posts/1/edit" for 127.0.0.1 at 2014-02-09 15:58:57 +1100
Processing by PostsController#edit as HTML
  Parameters: {"id"=>"1"}
  [1m[35mPost Load (0.3ms)[0m  SELECT `posts`.* FROM `posts` WHERE `posts`.`id` = 1 LIMIT 1
  Rendered posts/_form.html.erb (1.8ms)
  Rendered posts/edit.html.erb within layouts/application (3.0ms)
Completed 200 OK in 7.7ms (Views: 6.1ms | ActiveRecord: 0.3ms)


Started GET "/assets/application.css?body=1" for 127.0.0.1 at 2014-02-09 15:58:57 +1100
Served asset /application.css - 304 Not Modified (0ms)


Started GET "/assets/scaffolds.css?body=1" for 127.0.0.1 at 2014-02-09 15:58:57 +1100
Served asset /scaffolds.css - 304 Not Modified (0ms)


Started GET "/assets/posts.js?body=1" for 127.0.0.1 at 2014-02-09 15:58:57 +1100
Served asset /posts.js - 304 Not Modified (0ms)


Started GET "/assets/jquery.js?body=1" for 127.0.0.1 at 2014-02-09 15:58:57 +1100
Served asset /jquery.js - 304 Not Modified (0ms)


Started GET "/assets/jquery_ujs.js?body=1" for 127.0.0.1 at 2014-02-09 15:58:57 +1100
Served asset /jquery_ujs.js - 304 Not Modified (0ms)


Started GET "/assets/posts.css?body=1" for 127.0.0.1 at 2014-02-09 15:58:58 +1100
Served asset /posts.css - 304 Not Modified (0ms)


Started GET "/assets/application.js?body=1" for 127.0.0.1 at 2014-02-09 15:58:58 +1100
Served asset /application.js - 304 Not Modified (0ms)


Started GET "/posts/1" for 127.0.0.1 at 2014-02-09 15:59:20 +1100
Processing by PostsController#show as HTML
  Parameters: {"id"=>"1"}
  [1m[36mPost Load (0.3ms)[0m  [1mSELECT `posts`.* FROM `posts` WHERE `posts`.`id` = 1 LIMIT 1[0m
  Rendered posts/show.html.erb within layouts/application (0.5ms)
Completed 200 OK in 4.9ms (Views: 3.7ms | ActiveRecord: 0.3ms)


Started GET "/assets/application.css?body=1" for 127.0.0.1 at 2014-02-09 15:59:20 +1100
Served asset /application.css - 304 Not Modified (0ms)


Started GET "/assets/jquery.js?body=1" for 127.0.0.1 at 2014-02-09 15:59:20 +1100
Served asset /jquery.js - 304 Not Modified (0ms)


Started GET "/assets/posts.css?body=1" for 127.0.0.1 at 2014-02-09 15:59:20 +1100
Served asset /posts.css - 304 Not Modified (0ms)


Started GET "/assets/jquery_ujs.js?body=1" for 127.0.0.1 at 2014-02-09 15:59:20 +1100
Served asset /jquery_ujs.js - 304 Not Modified (0ms)


Started GET "/assets/scaffolds.css?body=1" for 127.0.0.1 at 2014-02-09 15:59:20 +1100
Served asset /scaffolds.css - 304 Not Modified (0ms)


Started GET "/assets/posts.js?body=1" for 127.0.0.1 at 2014-02-09 15:59:20 +1100
Served asset /posts.js - 304 Not Modified (0ms)


Started GET "/assets/application.js?body=1" for 127.0.0.1 at 2014-02-09 15:59:20 +1100
Served asset /application.js - 304 Not Modified (0ms)


Started GET "/posts/1/edit" for 127.0.0.1 at 2014-02-09 15:59:24 +1100
Processing by PostsController#edit as HTML
  Parameters: {"id"=>"1"}
  [1m[35mPost Load (0.3ms)[0m  SELECT `posts`.* FROM `posts` WHERE `posts`.`id` = 1 LIMIT 1
  Rendered posts/_form.html.erb (1.5ms)
  Rendered posts/edit.html.erb within layouts/application (2.3ms)
Completed 200 OK in 6.1ms (Views: 5.1ms | ActiveRecord: 0.3ms)


Started GET "/assets/application.css?body=1" for 127.0.0.1 at 2014-02-09 15:59:24 +1100
Served asset /application.css - 304 Not Modified (0ms)


Started GET "/assets/scaffolds.css?body=1" for 127.0.0.1 at 2014-02-09 15:59:24 +1100
Served asset /scaffolds.css - 304 Not Modified (0ms)


Started GET "/assets/jquery_ujs.js?body=1" for 127.0.0.1 at 2014-02-09 15:59:24 +1100
Served asset /jquery_ujs.js - 304 Not Modified (0ms)


Started GET "/assets/jquery.js?body=1" for 127.0.0.1 at 2014-02-09 15:59:24 +1100
Served asset /jquery.js - 304 Not Modified (0ms)


Started GET "/assets/posts.css?body=1" for 127.0.0.1 at 2014-02-09 15:59:24 +1100
Served asset /posts.css - 304 Not Modified (0ms)


Started GET "/assets/posts.js?body=1" for 127.0.0.1 at 2014-02-09 15:59:24 +1100
Served asset /posts.js - 304 Not Modified (0ms)


Started GET "/assets/application.js?body=1" for 127.0.0.1 at 2014-02-09 15:59:24 +1100
Served asset /application.js - 304 Not Modified (0ms)


Started GET "/posts" for 127.0.0.1 at 2014-02-09 15:59:39 +1100
Processing by PostsController#index as HTML
  [1m[36mPost Load (0.2ms)[0m  [1mSELECT `posts`.* FROM `posts` [0m
  Rendered posts/index.html.erb within layouts/application (1.0ms)
Completed 200 OK in 5.5ms (Views: 4.2ms | ActiveRecord: 0.2ms)


Started GET "/assets/posts.css?body=1" for 127.0.0.1 at 2014-02-09 15:59:39 +1100
Served asset /posts.css - 304 Not Modified (0ms)


Started GET "/assets/jquery_ujs.js?body=1" for 127.0.0.1 at 2014-02-09 15:59:39 +1100
Served asset /jquery_ujs.js - 304 Not Modified (0ms)


Started GET "/assets/jquery.js?body=1" for 127.0.0.1 at 2014-02-09 15:59:39 +1100
Served asset /jquery.js - 304 Not Modified (0ms)


Started GET "/assets/scaffolds.css?body=1" for 127.0.0.1 at 2014-02-09 15:59:39 +1100
Served asset /scaffolds.css - 304 Not Modified (0ms)


Started GET "/assets/posts.js?body=1" for 127.0.0.1 at 2014-02-09 15:59:40 +1100
Served asset /posts.js - 304 Not Modified (0ms)


Started GET "/assets/application.css?body=1" for 127.0.0.1 at 2014-02-09 15:59:40 +1100
Served asset /application.css - 304 Not Modified (0ms)


Started GET "/assets/application.js?body=1" for 127.0.0.1 at 2014-02-09 15:59:40 +1100
Served asset /application.js - 304 Not Modified (0ms)


Started GET "/posts/new" for 127.0.0.1 at 2014-02-09 15:59:41 +1100
Processing by PostsController#new as HTML
  Rendered posts/_form.html.erb (1.8ms)
  Rendered posts/new.html.erb within layouts/application (2.4ms)
Completed 200 OK in 6.2ms (Views: 5.9ms | ActiveRecord: 0.0ms)


Started GET "/assets/application.css?body=1" for 127.0.0.1 at 2014-02-09 15:59:41 +1100
Served asset /application.css - 304 Not Modified (0ms)


Started GET "/assets/posts.css?body=1" for 127.0.0.1 at 2014-02-09 15:59:41 +1100
Served asset /posts.css - 304 Not Modified (0ms)


Started GET "/assets/jquery.js?body=1" for 127.0.0.1 at 2014-02-09 15:59:41 +1100
Served asset /jquery.js - 304 Not Modified (0ms)


Started GET "/assets/scaffolds.css?body=1" for 127.0.0.1 at 2014-02-09 15:59:41 +1100
Served asset /scaffolds.css - 304 Not Modified (0ms)


Started GET "/assets/jquery_ujs.js?body=1" for 127.0.0.1 at 2014-02-09 15:59:41 +1100
Served asset /jquery_ujs.js - 304 Not Modified (0ms)


Started GET "/assets/posts.js?body=1" for 127.0.0.1 at 2014-02-09 15:59:41 +1100
Served asset /posts.js - 304 Not Modified (0ms)


Started GET "/assets/application.js?body=1" for 127.0.0.1 at 2014-02-09 15:59:41 +1100
Served asset /application.js - 304 Not Modified (0ms)


Started POST "/posts" for 127.0.0.1 at 2014-02-09 15:59:46 +1100
Processing by PostsController#create as HTML
  Parameters: {"utf8"=>"✓", "authenticity_token"=>"z0rDDBcEXelfA6MoGIR+wXck+3jN3QHo7J5iajqL37M=", "post"=>{"title"=>"pen", "text"=>"pens"}, "commit"=>"Create Post"}
  [1m[35m (0.1ms)[0m  BEGIN
  [1m[36mSQL (0.9ms)[0m  [1mINSERT INTO `posts` (`created_at`, `text`, `title`, `updated_at`) VALUES ('2014-02-09 04:59:46', 'pens', 'pen', '2014-02-09 04:59:46')[0m
  [1m[35m (0.5ms)[0m  COMMIT
Redirected to http://localhost:3000/posts/2
Completed 302 Found in 3.5ms (ActiveRecord: 1.5ms)


Started GET "/posts/2" for 127.0.0.1 at 2014-02-09 15:59:46 +1100
Processing by PostsController#show as HTML
  Parameters: {"id"=>"2"}
  [1m[36mPost Load (0.3ms)[0m  [1mSELECT `posts`.* FROM `posts` WHERE `posts`.`id` = 2 LIMIT 1[0m
  Rendered posts/show.html.erb within layouts/application (0.4ms)
Completed 200 OK in 4.5ms (Views: 3.5ms | ActiveRecord: 0.3ms)


Started GET "/assets/application.css?body=1" for 127.0.0.1 at 2014-02-09 15:59:46 +1100
Served asset /application.css - 304 Not Modified (0ms)


Started GET "/assets/scaffolds.css?body=1" for 127.0.0.1 at 2014-02-09 15:59:46 +1100
Served asset /scaffolds.css - 304 Not Modified (0ms)


Started GET "/assets/jquery.js?body=1" for 127.0.0.1 at 2014-02-09 15:59:46 +1100
Served asset /jquery.js - 304 Not Modified (0ms)


Started GET "/assets/posts.css?body=1" for 127.0.0.1 at 2014-02-09 15:59:46 +1100
Served asset /posts.css - 304 Not Modified (0ms)


Started GET "/assets/posts.js?body=1" for 127.0.0.1 at 2014-02-09 15:59:46 +1100
Served asset /posts.js - 304 Not Modified (0ms)


Started GET "/assets/jquery_ujs.js?body=1" for 127.0.0.1 at 2014-02-09 15:59:46 +1100
Served asset /jquery_ujs.js - 304 Not Modified (0ms)


Started GET "/assets/application.js?body=1" for 127.0.0.1 at 2014-02-09 15:59:46 +1100
Served asset /application.js - 304 Not Modified (0ms)


Started GET "/posts" for 127.0.0.1 at 2014-02-09 15:59:56 +1100
Processing by PostsController#index as HTML
  [1m[35mPost Load (0.2ms)[0m  SELECT `posts`.* FROM `posts` 
  Rendered posts/index.html.erb within layouts/application (1.5ms)
Completed 200 OK in 6.2ms (Views: 4.9ms | ActiveRecord: 0.2ms)


Started GET "/assets/application.css?body=1" for 127.0.0.1 at 2014-02-09 15:59:56 +1100
Served asset /application.css - 304 Not Modified (0ms)


Started GET "/assets/jquery_ujs.js?body=1" for 127.0.0.1 at 2014-02-09 15:59:56 +1100
Served asset /jquery_ujs.js - 304 Not Modified (0ms)


Started GET "/assets/jquery.js?body=1" for 127.0.0.1 at 2014-02-09 15:59:56 +1100
Served asset /jquery.js - 304 Not Modified (0ms)


Started GET "/assets/posts.css?body=1" for 127.0.0.1 at 2014-02-09 15:59:56 +1100
Served asset /posts.css - 304 Not Modified (0ms)


Started GET "/assets/posts.js?body=1" for 127.0.0.1 at 2014-02-09 15:59:56 +1100
Served asset /posts.js - 304 Not Modified (0ms)


Started GET "/assets/scaffolds.css?body=1" for 127.0.0.1 at 2014-02-09 15:59:56 +1100
Served asset /scaffolds.css - 304 Not Modified (0ms)


Started GET "/assets/application.js?body=1" for 127.0.0.1 at 2014-02-09 15:59:56 +1100
Served asset /application.js - 304 Not Modified (0ms)


Started GET "/posts" for 127.0.0.1 at 2014-02-09 16:01:16 +1100
Processing by PostsController#index as HTML
  [1m[36mPost Load (0.3ms)[0m  [1mSELECT `posts`.* FROM `posts` [0m
  Rendered posts/index.html.erb within layouts/application (1.6ms)
Completed 200 OK in 6.2ms (Views: 5.0ms | ActiveRecord: 0.3ms)


Started GET "/assets/application.css?body=1" for 127.0.0.1 at 2014-02-09 16:01:16 +1100
Served asset /application.css - 200 OK (0ms)


Started GET "/assets/jquery.js?body=1" for 127.0.0.1 at 2014-02-09 16:01:16 +1100
Served asset /jquery.js - 200 OK (0ms)


Started GET "/assets/scaffolds.css?body=1" for 127.0.0.1 at 2014-02-09 16:01:16 +1100
Served asset /scaffolds.css - 200 OK (0ms)


Started GET "/assets/jquery_ujs.js?body=1" for 127.0.0.1 at 2014-02-09 16:01:16 +1100
Served asset /jquery_ujs.js - 200 OK (0ms)


Started GET "/assets/posts.css?body=1" for 127.0.0.1 at 2014-02-09 16:01:16 +1100
Served asset /posts.css - 200 OK (0ms)


Started GET "/assets/posts.js?body=1" for 127.0.0.1 at 2014-02-09 16:01:16 +1100
Served asset /posts.js - 200 OK (0ms)


Started GET "/assets/application.js?body=1" for 127.0.0.1 at 2014-02-09 16:01:16 +1100
Served asset /application.js - 200 OK (0ms)


Started GET "/posts/1" for 127.0.0.1 at 2014-02-09 16:01:25 +1100
Processing by PostsController#show as HTML
  Parameters: {"id"=>"1"}
  [1m[35mPost Load (0.3ms)[0m  SELECT `posts`.* FROM `posts` WHERE `posts`.`id` = 1 LIMIT 1
  Rendered posts/show.html.erb within layouts/application (0.5ms)
Completed 200 OK in 5.2ms (Views: 4.0ms | ActiveRecord: 0.3ms)


Started GET "/posts/1" for 127.0.0.1 at 2014-02-09 16:02:11 +1100
Processing by PostsController#show as HTML
  Parameters: {"id"=>"1"}
  [1m[36mPost Load (0.3ms)[0m  [1mSELECT `posts`.* FROM `posts` WHERE `posts`.`id` = 1 LIMIT 1[0m
  Rendered posts/show.html.erb within layouts/application (0.6ms)
Completed 200 OK in 5.0ms (Views: 3.7ms | ActiveRecord: 0.3ms)


Started GET "/posts/1" for 127.0.0.1 at 2014-02-09 16:02:20 +1100
Processing by PostsController#show as HTML
  Parameters: {"id"=>"1"}
  [1m[35mPost Load (0.3ms)[0m  SELECT `posts`.* FROM `posts` WHERE `posts`.`id` = 1 LIMIT 1
  Rendered posts/show.html.erb within layouts/application (0.4ms)
Completed 200 OK in 4.3ms (Views: 3.3ms | ActiveRecord: 0.3ms)


Started GET "/posts" for 127.0.0.1 at 2014-02-09 16:02:55 +1100
Processing by PostsController#index as HTML
  [1m[36mPost Load (0.2ms)[0m  [1mSELECT `posts`.* FROM `posts` [0m
  Rendered posts/index.html.erb within layouts/application (0.9ms)
Completed 200 OK in 4.6ms (Views: 3.8ms | ActiveRecord: 0.2ms)


Started GET "/assets/posts.css?body=1" for 127.0.0.1 at 2014-02-09 16:02:55 +1100
Served asset /posts.css - 200 OK (0ms)


Started GET "/assets/jquery_ujs.js?body=1" for 127.0.0.1 at 2014-02-09 16:02:55 +1100
Served asset /jquery_ujs.js - 200 OK (0ms)


Started GET "/assets/scaffolds.css?body=1" for 127.0.0.1 at 2014-02-09 16:02:55 +1100
Served asset /scaffolds.css - 200 OK (0ms)


Started GET "/assets/application.css?body=1" for 127.0.0.1 at 2014-02-09 16:02:55 +1100
Served asset /application.css - 200 OK (0ms)


Started GET "/assets/jquery.js?body=1" for 127.0.0.1 at 2014-02-09 16:02:55 +1100
Served asset /jquery.js - 200 OK (0ms)


Started GET "/assets/posts.js?body=1" for 127.0.0.1 at 2014-02-09 16:02:55 +1100
Served asset /posts.js - 200 OK (0ms)


Started GET "/assets/application.js?body=1" for 127.0.0.1 at 2014-02-09 16:02:55 +1100
Served asset /application.js - 200 OK (0ms)


Started GET "/posts/1" for 127.0.0.1 at 2014-02-09 16:02:58 +1100
Processing by PostsController#show as HTML
  Parameters: {"id"=>"1"}
  [1m[35mPost Load (0.3ms)[0m  SELECT `posts`.* FROM `posts` WHERE `posts`.`id` = 1 LIMIT 1
  Rendered posts/show.html.erb within layouts/application (1.2ms)
Completed 200 OK in 5.5ms (Views: 4.3ms | ActiveRecord: 0.3ms)


Started GET "/posts/1" for 127.0.0.1 at 2014-02-09 16:03:05 +1100
Processing by PostsController#show as HTML
  Parameters: {"id"=>"1"}
  [1m[36mPost Load (0.3ms)[0m  [1mSELECT `posts`.* FROM `posts` WHERE `posts`.`id` = 1 LIMIT 1[0m
  Rendered posts/show.html.erb within layouts/application (0.7ms)
Completed 200 OK in 4.9ms (Views: 3.7ms | ActiveRecord: 0.3ms)


Started GET "/posts" for 127.0.0.1 at 2014-02-09 16:03:07 +1100
Processing by PostsController#index as HTML
  [1m[35mPost Load (0.2ms)[0m  SELECT `posts`.* FROM `posts` 
  Rendered posts/index.html.erb within layouts/application (0.9ms)
Completed 200 OK in 4.8ms (Views: 3.8ms | ActiveRecord: 0.2ms)


Started GET "/assets/application.css?body=1" for 127.0.0.1 at 2014-02-09 16:03:07 +1100
Served asset /application.css - 200 OK (0ms)


Started GET "/assets/scaffolds.css?body=1" for 127.0.0.1 at 2014-02-09 16:03:07 +1100
Served asset /scaffolds.css - 200 OK (0ms)


Started GET "/assets/jquery.js?body=1" for 127.0.0.1 at 2014-02-09 16:03:07 +1100
Served asset /jquery.js - 200 OK (0ms)


Started GET "/assets/posts.css?body=1" for 127.0.0.1 at 2014-02-09 16:03:07 +1100
Served asset /posts.css - 200 OK (0ms)


Started GET "/assets/jquery_ujs.js?body=1" for 127.0.0.1 at 2014-02-09 16:03:07 +1100
Served asset /jquery_ujs.js - 200 OK (0ms)


Started GET "/assets/posts.js?body=1" for 127.0.0.1 at 2014-02-09 16:03:07 +1100
Served asset /posts.js - 200 OK (0ms)


Started GET "/assets/application.js?body=1" for 127.0.0.1 at 2014-02-09 16:03:07 +1100
Served asset /application.js - 200 OK (0ms)


Started GET "/posts" for 127.0.0.1 at 2014-02-09 16:03:08 +1100
Processing by PostsController#index as HTML
  [1m[36mPost Load (0.2ms)[0m  [1mSELECT `posts`.* FROM `posts` [0m
  Rendered posts/index.html.erb within layouts/application (0.8ms)
Completed 200 OK in 4.6ms (Views: 3.7ms | ActiveRecord: 0.2ms)


Started GET "/assets/application.css?body=1" for 127.0.0.1 at 2014-02-09 16:03:08 +1100
Served asset /application.css - 200 OK (0ms)


Started GET "/assets/posts.css?body=1" for 127.0.0.1 at 2014-02-09 16:03:08 +1100
Served asset /posts.css - 200 OK (0ms)


Started GET "/assets/jquery.js?body=1" for 127.0.0.1 at 2014-02-09 16:03:08 +1100
Served asset /jquery.js - 200 OK (0ms)


Started GET "/assets/scaffolds.css?body=1" for 127.0.0.1 at 2014-02-09 16:03:08 +1100
Served asset /scaffolds.css - 200 OK (0ms)


Started GET "/assets/jquery_ujs.js?body=1" for 127.0.0.1 at 2014-02-09 16:03:08 +1100
Served asset /jquery_ujs.js - 200 OK (0ms)


Started GET "/assets/posts.js?body=1" for 127.0.0.1 at 2014-02-09 16:03:08 +1100
Served asset /posts.js - 200 OK (0ms)


Started GET "/assets/application.js?body=1" for 127.0.0.1 at 2014-02-09 16:03:08 +1100
Served asset /application.js - 200 OK (0ms)


Started GET "/posts/1" for 127.0.0.1 at 2014-02-09 16:03:44 +1100
Processing by PostsController#show as HTML
  Parameters: {"id"=>"1"}
  [1m[35mPost Load (0.2ms)[0m  SELECT `posts`.* FROM `posts` WHERE `posts`.`id` = 1 LIMIT 1
  Rendered posts/show.html.erb within layouts/application (0.8ms)
Completed 200 OK in 5.0ms (Views: 3.9ms | ActiveRecord: 0.2ms)


Started GET "/posts/1/edit" for 127.0.0.1 at 2014-02-09 16:03:50 +1100
Processing by PostsController#edit as HTML
  Parameters: {"id"=>"1"}
  [1m[36mPost Load (0.3ms)[0m  [1mSELECT `posts`.* FROM `posts` WHERE `posts`.`id` = 1 LIMIT 1[0m
  Rendered posts/_form.html.erb (1.7ms)
  Rendered posts/edit.html.erb within layouts/application (2.6ms)
Completed 200 OK in 6.9ms (Views: 5.8ms | ActiveRecord: 0.3ms)


Started GET "/posts/1" for 127.0.0.1 at 2014-02-09 16:06:07 +1100
Processing by PostsController#show as HTML
  Parameters: {"id"=>"1"}
  [1m[35mPost Load (0.3ms)[0m  SELECT `posts`.* FROM `posts` WHERE `posts`.`id` = 1 LIMIT 1
  Rendered posts/show.html.erb within layouts/application (6.5ms)
Completed 500 Internal Server Error in 9.5ms

ActionView::Template::Error (undefined method `comments' for #<Post:0x007f947c30f148>):
    4: 
    5: <h2>Comments</h2>
    6: 
    7: <% @post.comments.each do |comment| %>
    8:   <p><%= comment.text %></p>
    9:   <p><%= time_ago_in_words comment.created_at %> ago </p>
    10: <% end %>
  app/views/posts/show.html.erb:7:in `_app_views_posts_show_html_erb___4269501007788810100_70137857717280'
  app/controllers/posts_controller.rb:18:in `show'


  Rendered /Users/twer/.rvm/gems/ruby-1.9.3-p448/gems/actionpack-3.2.16/lib/action_dispatch/middleware/templates/rescues/_trace.erb (1.3ms)
  Rendered /Users/twer/.rvm/gems/ruby-1.9.3-p448/gems/actionpack-3.2.16/lib/action_dispatch/middleware/templates/rescues/_request_and_response.erb (1.1ms)
  Rendered /Users/twer/.rvm/gems/ruby-1.9.3-p448/gems/actionpack-3.2.16/lib/action_dispatch/middleware/templates/rescues/template_error.erb within rescues/layout (9.4ms)


Started GET "/posts/1" for 127.0.0.1 at 2014-02-09 16:08:56 +1100
Processing by PostsController#show as HTML
  Parameters: {"id"=>"1"}
  [1m[36mPost Load (0.2ms)[0m  [1mSELECT `posts`.* FROM `posts` WHERE `posts`.`id` = 1 LIMIT 1[0m
  [1m[35mComment Load (0.2ms)[0m  SELECT `comments`.* FROM `comments` WHERE `comments`.`post_id` = 1
  Rendered posts/show.html.erb within layouts/application (35.1ms)
Completed 200 OK in 48.0ms (Views: 36.9ms | ActiveRecord: 5.2ms)


Started GET "/assets/scaffolds.css?body=1" for 127.0.0.1 at 2014-02-09 16:08:56 +1100
Served asset /scaffolds.css - 200 OK (0ms)


Started GET "/assets/jquery.js?body=1" for 127.0.0.1 at 2014-02-09 16:08:56 +1100
Served asset /jquery.js - 200 OK (0ms)


Started GET "/assets/posts.css?body=1" for 127.0.0.1 at 2014-02-09 16:08:56 +1100
Served asset /posts.css - 200 OK (0ms)


Started GET "/assets/application.css?body=1" for 127.0.0.1 at 2014-02-09 16:08:56 +1100
Served asset /application.css - 200 OK (0ms)


Started GET "/assets/jquery_ujs.js?body=1" for 127.0.0.1 at 2014-02-09 16:08:56 +1100
Served asset /jquery_ujs.js - 200 OK (0ms)


Started GET "/assets/posts.js?body=1" for 127.0.0.1 at 2014-02-09 16:08:56 +1100
Served asset /posts.js - 200 OK (0ms)


Started GET "/assets/application.js?body=1" for 127.0.0.1 at 2014-02-09 16:08:56 +1100
Served asset /application.js - 200 OK (0ms)


Started POST "/posts/1/comments" for 127.0.0.1 at 2014-02-09 16:09:11 +1100

ActionController::RoutingError (uninitialized constant CommentsController):
  activesupport (3.2.16) lib/active_support/inflector/methods.rb:230:in `block in constantize'
  activesupport (3.2.16) lib/active_support/inflector/methods.rb:229:in `each'
  activesupport (3.2.16) lib/active_support/inflector/methods.rb:229:in `constantize'
  actionpack (3.2.16) lib/action_dispatch/routing/route_set.rb:69:in `controller_reference'
  actionpack (3.2.16) lib/action_dispatch/routing/route_set.rb:54:in `controller'
  actionpack (3.2.16) lib/action_dispatch/routing/route_set.rb:32:in `call'
  journey (1.0.4) lib/journey/router.rb:68:in `block in call'
  journey (1.0.4) lib/journey/router.rb:56:in `each'
  journey (1.0.4) lib/journey/router.rb:56:in `call'
  actionpack (3.2.16) lib/action_dispatch/routing/route_set.rb:608:in `call'
  actionpack (3.2.16) lib/action_dispatch/middleware/best_standards_support.rb:17:in `call'
  rack (1.4.5) lib/rack/etag.rb:23:in `call'
  rack (1.4.5) lib/rack/conditionalget.rb:35:in `call'
  actionpack (3.2.16) lib/action_dispatch/middleware/head.rb:14:in `call'
  actionpack (3.2.16) lib/action_dispatch/middleware/params_parser.rb:21:in `call'
  actionpack (3.2.16) lib/action_dispatch/middleware/flash.rb:242:in `call'
  rack (1.4.5) lib/rack/session/abstract/id.rb:210:in `context'
  rack (1.4.5) lib/rack/session/abstract/id.rb:205:in `call'
  actionpack (3.2.16) lib/action_dispatch/middleware/cookies.rb:341:in `call'
  activerecord (3.2.16) lib/active_record/query_cache.rb:64:in `call'
  activerecord (3.2.16) lib/active_record/connection_adapters/abstract/connection_pool.rb:479:in `call'
  actionpack (3.2.16) lib/action_dispatch/middleware/callbacks.rb:28:in `block in call'
  activesupport (3.2.16) lib/active_support/callbacks.rb:405:in `_run__1564750284914040129__call__2549483559929722528__callbacks'
  activesupport (3.2.16) lib/active_support/callbacks.rb:405:in `__run_callback'
  activesupport (3.2.16) lib/active_support/callbacks.rb:385:in `_run_call_callbacks'
  activesupport (3.2.16) lib/active_support/callbacks.rb:81:in `run_callbacks'
  actionpack (3.2.16) lib/action_dispatch/middleware/callbacks.rb:27:in `call'
  actionpack (3.2.16) lib/action_dispatch/middleware/reloader.rb:65:in `call'
  actionpack (3.2.16) lib/action_dispatch/middleware/remote_ip.rb:31:in `call'
  actionpack (3.2.16) lib/action_dispatch/middleware/debug_exceptions.rb:16:in `call'
  actionpack (3.2.16) lib/action_dispatch/middleware/show_exceptions.rb:56:in `call'
  railties (3.2.16) lib/rails/rack/logger.rb:32:in `call_app'
  railties (3.2.16) lib/rails/rack/logger.rb:16:in `block in call'
  activesupport (3.2.16) lib/active_support/tagged_logging.rb:22:in `tagged'
  railties (3.2.16) lib/rails/rack/logger.rb:16:in `call'
  actionpack (3.2.16) lib/action_dispatch/middleware/request_id.rb:22:in `call'
  rack (1.4.5) lib/rack/methodoverride.rb:21:in `call'
  rack (1.4.5) lib/rack/runtime.rb:17:in `call'
  activesupport (3.2.16) lib/active_support/cache/strategy/local_cache.rb:72:in `call'
  rack (1.4.5) lib/rack/lock.rb:15:in `call'
  actionpack (3.2.16) lib/action_dispatch/middleware/static.rb:63:in `call'
  railties (3.2.16) lib/rails/engine.rb:484:in `call'
  railties (3.2.16) lib/rails/application.rb:231:in `call'
  rack (1.4.5) lib/rack/content_length.rb:14:in `call'
  railties (3.2.16) lib/rails/rack/log_tailer.rb:17:in `call'
  rack (1.4.5) lib/rack/handler/webrick.rb:59:in `service'
  /Users/twer/.rvm/rubies/ruby-1.9.3-p448/lib/ruby/1.9.1/webrick/httpserver.rb:138:in `service'
  /Users/twer/.rvm/rubies/ruby-1.9.3-p448/lib/ruby/1.9.1/webrick/httpserver.rb:94:in `run'
  /Users/twer/.rvm/rubies/ruby-1.9.3-p448/lib/ruby/1.9.1/webrick/server.rb:191:in `block in start_thread'


  Rendered /Users/twer/.rvm/gems/ruby-1.9.3-p448/gems/actionpack-3.2.16/lib/action_dispatch/middleware/templates/rescues/routing_error.erb within rescues/layout (0.5ms)


Started GET "/posts/1" for 127.0.0.1 at 2014-02-09 16:14:24 +1100
Processing by PostsController#show as HTML
  Parameters: {"id"=>"1"}
  [1m[36mPost Load (0.1ms)[0m  [1mSELECT `posts`.* FROM `posts` WHERE `posts`.`id` = 1 LIMIT 1[0m
  [1m[35mComment Load (0.2ms)[0m  SELECT `comments`.* FROM `comments` WHERE `comments`.`post_id` = 1
  Rendered posts/show.html.erb within layouts/application (12.3ms)
Compiled comments.css  (1ms)  (pid 67998)
Compiled application.css  (7ms)  (pid 67998)
Compiled comments.js  (108ms)  (pid 67998)
Compiled application.js  (118ms)  (pid 67998)
Completed 200 OK in 199.1ms (Views: 188.4ms | ActiveRecord: 4.3ms)


Started GET "/assets/comments.css?body=1" for 127.0.0.1 at 2014-02-09 16:14:24 +1100
Served asset /comments.css - 200 OK (2ms)


Started GET "/assets/application.css?body=1" for 127.0.0.1 at 2014-02-09 16:14:24 +1100
Served asset /application.css - 200 OK (8ms)


Started GET "/assets/posts.css?body=1" for 127.0.0.1 at 2014-02-09 16:14:24 +1100
Served asset /posts.css - 200 OK (0ms)


Started GET "/assets/scaffolds.css?body=1" for 127.0.0.1 at 2014-02-09 16:14:24 +1100
Served asset /scaffolds.css - 200 OK (0ms)


Started GET "/assets/jquery.js?body=1" for 127.0.0.1 at 2014-02-09 16:14:24 +1100
Served asset /jquery.js - 200 OK (0ms)


Started GET "/assets/comments.js?body=1" for 127.0.0.1 at 2014-02-09 16:14:24 +1100
Served asset /comments.js - 200 OK (1ms)


Started GET "/assets/jquery_ujs.js?body=1" for 127.0.0.1 at 2014-02-09 16:14:24 +1100
Served asset /jquery_ujs.js - 200 OK (0ms)


Started GET "/assets/posts.js?body=1" for 127.0.0.1 at 2014-02-09 16:14:24 +1100
Served asset /posts.js - 200 OK (0ms)


Started GET "/assets/application.js?body=1" for 127.0.0.1 at 2014-02-09 16:14:24 +1100
Served asset /application.js - 200 OK (5ms)


Started POST "/posts/1/comments" for 127.0.0.1 at 2014-02-09 16:14:29 +1100
Processing by CommentsController#create as HTML
  Parameters: {"utf8"=>"✓", "authenticity_token"=>"z0rDDBcEXelfA6MoGIR+wXck+3jN3QHo7J5iajqL37M=", "comment"=>{"text"=>"good"}, "commit"=>"Post Comment", "post_id"=>"1"}
  [1m[36mPost Load (0.3ms)[0m  [1mSELECT `posts`.* FROM `posts` WHERE `posts`.`id` = 1 LIMIT 1[0m
  [1m[35m (0.1ms)[0m  BEGIN
  [1m[36mSQL (2.2ms)[0m  [1mINSERT INTO `comments` (`created_at`, `post_id`, `text`, `updated_at`) VALUES ('2014-02-09 05:14:29', 1, 'good', '2014-02-09 05:14:29')[0m
  [1m[35m (0.2ms)[0m  COMMIT
Redirected to http://localhost:3000/posts/1
Completed 302 Found in 7.4ms (ActiveRecord: 2.8ms)


Started GET "/posts/1" for 127.0.0.1 at 2014-02-09 16:14:29 +1100
Processing by PostsController#show as HTML
  Parameters: {"id"=>"1"}
  [1m[36mPost Load (0.3ms)[0m  [1mSELECT `posts`.* FROM `posts` WHERE `posts`.`id` = 1 LIMIT 1[0m
  [1m[35mComment Load (0.2ms)[0m  SELECT `comments`.* FROM `comments` WHERE `comments`.`post_id` = 1
  Rendered posts/show.html.erb within layouts/application (3.2ms)
Completed 200 OK in 8.2ms (Views: 6.7ms | ActiveRecord: 0.5ms)


Started POST "/posts/1/comments" for 127.0.0.1 at 2014-02-09 16:14:42 +1100
Processing by CommentsController#create as HTML
  Parameters: {"utf8"=>"✓", "authenticity_token"=>"z0rDDBcEXelfA6MoGIR+wXck+3jN3QHo7J5iajqL37M=", "comment"=>{"text"=>"dddd"}, "commit"=>"Post Comment", "post_id"=>"1"}
  [1m[36mPost Load (0.3ms)[0m  [1mSELECT `posts`.* FROM `posts` WHERE `posts`.`id` = 1 LIMIT 1[0m
  [1m[35m (0.2ms)[0m  BEGIN
  [1m[36mSQL (0.4ms)[0m  [1mINSERT INTO `comments` (`created_at`, `post_id`, `text`, `updated_at`) VALUES ('2014-02-09 05:14:42', 1, 'dddd', '2014-02-09 05:14:42')[0m
  [1m[35m (0.4ms)[0m  COMMIT
Redirected to http://localhost:3000/posts/1
Completed 302 Found in 3.9ms (ActiveRecord: 1.2ms)


Started GET "/posts/1" for 127.0.0.1 at 2014-02-09 16:14:42 +1100
Processing by PostsController#show as HTML
  Parameters: {"id"=>"1"}
  [1m[36mPost Load (0.3ms)[0m  [1mSELECT `posts`.* FROM `posts` WHERE `posts`.`id` = 1 LIMIT 1[0m
  [1m[35mComment Load (0.2ms)[0m  SELECT `comments`.* FROM `comments` WHERE `comments`.`post_id` = 1
  Rendered posts/show.html.erb within layouts/application (2.6ms)
Completed 200 OK in 7.4ms (Views: 6.1ms | ActiveRecord: 0.5ms)


Started GET "/posts" for 127.0.0.1 at 2014-02-09 16:17:22 +1100
Processing by PostsController#index as HTML
  [1m[36mPost Load (0.1ms)[0m  [1mSELECT `posts`.* FROM `posts` [0m
  Rendered posts/index.html.erb within layouts/application (1.6ms)
Completed 200 OK in 13.6ms (Views: 5.8ms | ActiveRecord: 1.8ms)


Started GET "/assets/comments.css?body=1" for 127.0.0.1 at 2014-02-09 16:17:22 +1100
Served asset /comments.css - 200 OK (0ms)


Started GET "/assets/application.css?body=1" for 127.0.0.1 at 2014-02-09 16:17:22 +1100
Served asset /application.css - 200 OK (0ms)


Started GET "/assets/posts.css?body=1" for 127.0.0.1 at 2014-02-09 16:17:22 +1100
Served asset /posts.css - 200 OK (0ms)


Started GET "/assets/scaffolds.css?body=1" for 127.0.0.1 at 2014-02-09 16:17:22 +1100
Served asset /scaffolds.css - 200 OK (0ms)


Started GET "/assets/jquery.js?body=1" for 127.0.0.1 at 2014-02-09 16:17:22 +1100
Served asset /jquery.js - 200 OK (0ms)


Started GET "/assets/jquery_ujs.js?body=1" for 127.0.0.1 at 2014-02-09 16:17:22 +1100
Served asset /jquery_ujs.js - 200 OK (0ms)


Started GET "/assets/comments.js?body=1" for 127.0.0.1 at 2014-02-09 16:17:22 +1100
Served asset /comments.js - 200 OK (0ms)


Started GET "/assets/posts.js?body=1" for 127.0.0.1 at 2014-02-09 16:17:22 +1100
Served asset /posts.js - 200 OK (0ms)


Started GET "/assets/application.js?body=1" for 127.0.0.1 at 2014-02-09 16:17:22 +1100
Served asset /application.js - 200 OK (0ms)


Started GET "/posts/1" for 127.0.0.1 at 2014-02-09 16:17:24 +1100
Processing by PostsController#show as HTML
  Parameters: {"id"=>"1"}
  [1m[35mPost Load (0.3ms)[0m  SELECT `posts`.* FROM `posts` WHERE `posts`.`id` = 1 LIMIT 1
  [1m[36mComment Load (0.3ms)[0m  [1mSELECT `comments`.* FROM `comments` WHERE `comments`.`post_id` = 1[0m
  Rendered posts/show.html.erb within layouts/application (12.2ms)
Completed 200 OK in 17.1ms (Views: 14.2ms | ActiveRecord: 1.8ms)


Started GET "/posts" for 127.0.0.1 at 2014-02-09 16:18:15 +1100
Processing by PostsController#index as HTML
  [1m[35mPost Load (0.2ms)[0m  SELECT `posts`.* FROM `posts` 
  Rendered posts/index.html.erb within layouts/application (0.9ms)
Completed 200 OK in 5.3ms (Views: 4.3ms | ActiveRecord: 0.2ms)


Started GET "/assets/application.css?body=1" for 127.0.0.1 at 2014-02-09 16:18:15 +1100
Served asset /application.css - 200 OK (0ms)


Started GET "/assets/comments.css?body=1" for 127.0.0.1 at 2014-02-09 16:18:15 +1100
Served asset /comments.css - 200 OK (0ms)


Started GET "/assets/jquery.js?body=1" for 127.0.0.1 at 2014-02-09 16:18:15 +1100
Served asset /jquery.js - 200 OK (0ms)


Started GET "/assets/posts.css?body=1" for 127.0.0.1 at 2014-02-09 16:18:15 +1100
Served asset /posts.css - 200 OK (0ms)


Started GET "/assets/scaffolds.css?body=1" for 127.0.0.1 at 2014-02-09 16:18:15 +1100
Served asset /scaffolds.css - 200 OK (0ms)


Started GET "/assets/jquery_ujs.js?body=1" for 127.0.0.1 at 2014-02-09 16:18:15 +1100
Served asset /jquery_ujs.js - 200 OK (0ms)


Started GET "/assets/comments.js?body=1" for 127.0.0.1 at 2014-02-09 16:18:15 +1100
Served asset /comments.js - 200 OK (0ms)


Started GET "/assets/posts.js?body=1" for 127.0.0.1 at 2014-02-09 16:18:15 +1100
Served asset /posts.js - 200 OK (0ms)


Started GET "/assets/application.js?body=1" for 127.0.0.1 at 2014-02-09 16:18:15 +1100
Served asset /application.js - 200 OK (0ms)


Started GET "/posts/1" for 127.0.0.1 at 2014-02-09 16:18:16 +1100
Processing by PostsController#show as HTML
  Parameters: {"id"=>"1"}
  [1m[36mPost Load (0.3ms)[0m  [1mSELECT `posts`.* FROM `posts` WHERE `posts`.`id` = 1 LIMIT 1[0m
  [1m[35mComment Load (0.2ms)[0m  SELECT `comments`.* FROM `comments` WHERE `comments`.`post_id` = 1
  Rendered posts/show.html.erb within layouts/application (4.3ms)
Completed 200 OK in 9.2ms (Views: 7.7ms | ActiveRecord: 0.5ms)


Started DELETE "/posts/1/comments/1" for 127.0.0.1 at 2014-02-09 16:18:21 +1100

AbstractController::ActionNotFound (The action 'destroy' could not be found for CommentsController):
  actionpack (3.2.16) lib/abstract_controller/base.rb:116:in `process'
  actionpack (3.2.16) lib/abstract_controller/rendering.rb:45:in `process'
  actionpack (3.2.16) lib/action_controller/metal.rb:203:in `dispatch'
  actionpack (3.2.16) lib/action_controller/metal/rack_delegation.rb:14:in `dispatch'
  actionpack (3.2.16) lib/action_controller/metal.rb:246:in `block in action'
  actionpack (3.2.16) lib/action_dispatch/routing/route_set.rb:73:in `call'
  actionpack (3.2.16) lib/action_dispatch/routing/route_set.rb:73:in `dispatch'
  actionpack (3.2.16) lib/action_dispatch/routing/route_set.rb:36:in `call'
  journey (1.0.4) lib/journey/router.rb:68:in `block in call'
  journey (1.0.4) lib/journey/router.rb:56:in `each'
  journey (1.0.4) lib/journey/router.rb:56:in `call'
  actionpack (3.2.16) lib/action_dispatch/routing/route_set.rb:608:in `call'
  actionpack (3.2.16) lib/action_dispatch/middleware/best_standards_support.rb:17:in `call'
  rack (1.4.5) lib/rack/etag.rb:23:in `call'
  rack (1.4.5) lib/rack/conditionalget.rb:35:in `call'
  actionpack (3.2.16) lib/action_dispatch/middleware/head.rb:14:in `call'
  actionpack (3.2.16) lib/action_dispatch/middleware/params_parser.rb:21:in `call'
  actionpack (3.2.16) lib/action_dispatch/middleware/flash.rb:242:in `call'
  rack (1.4.5) lib/rack/session/abstract/id.rb:210:in `context'
  rack (1.4.5) lib/rack/session/abstract/id.rb:205:in `call'
  actionpack (3.2.16) lib/action_dispatch/middleware/cookies.rb:341:in `call'
  activerecord (3.2.16) lib/active_record/query_cache.rb:64:in `call'
  activerecord (3.2.16) lib/active_record/connection_adapters/abstract/connection_pool.rb:479:in `call'
  actionpack (3.2.16) lib/action_dispatch/middleware/callbacks.rb:28:in `block in call'
  activesupport (3.2.16) lib/active_support/callbacks.rb:405:in `_run__1564750284914040129__call__2549483559929722528__callbacks'
  activesupport (3.2.16) lib/active_support/callbacks.rb:405:in `__run_callback'
  activesupport (3.2.16) lib/active_support/callbacks.rb:385:in `_run_call_callbacks'
  activesupport (3.2.16) lib/active_support/callbacks.rb:81:in `run_callbacks'
  actionpack (3.2.16) lib/action_dispatch/middleware/callbacks.rb:27:in `call'
  actionpack (3.2.16) lib/action_dispatch/middleware/reloader.rb:65:in `call'
  actionpack (3.2.16) lib/action_dispatch/middleware/remote_ip.rb:31:in `call'
  actionpack (3.2.16) lib/action_dispatch/middleware/debug_exceptions.rb:16:in `call'
  actionpack (3.2.16) lib/action_dispatch/middleware/show_exceptions.rb:56:in `call'
  railties (3.2.16) lib/rails/rack/logger.rb:32:in `call_app'
  railties (3.2.16) lib/rails/rack/logger.rb:16:in `block in call'
  activesupport (3.2.16) lib/active_support/tagged_logging.rb:22:in `tagged'
  railties (3.2.16) lib/rails/rack/logger.rb:16:in `call'
  actionpack (3.2.16) lib/action_dispatch/middleware/request_id.rb:22:in `call'
  rack (1.4.5) lib/rack/methodoverride.rb:21:in `call'
  rack (1.4.5) lib/rack/runtime.rb:17:in `call'
  activesupport (3.2.16) lib/active_support/cache/strategy/local_cache.rb:72:in `call'
  rack (1.4.5) lib/rack/lock.rb:15:in `call'
  actionpack (3.2.16) lib/action_dispatch/middleware/static.rb:63:in `call'
  railties (3.2.16) lib/rails/engine.rb:484:in `call'
  railties (3.2.16) lib/rails/application.rb:231:in `call'
  rack (1.4.5) lib/rack/content_length.rb:14:in `call'
  railties (3.2.16) lib/rails/rack/log_tailer.rb:17:in `call'
  rack (1.4.5) lib/rack/handler/webrick.rb:59:in `service'
  /Users/twer/.rvm/rubies/ruby-1.9.3-p448/lib/ruby/1.9.1/webrick/httpserver.rb:138:in `service'
  /Users/twer/.rvm/rubies/ruby-1.9.3-p448/lib/ruby/1.9.1/webrick/httpserver.rb:94:in `run'
  /Users/twer/.rvm/rubies/ruby-1.9.3-p448/lib/ruby/1.9.1/webrick/server.rb:191:in `block in start_thread'


  Rendered /Users/twer/.rvm/gems/ruby-1.9.3-p448/gems/actionpack-3.2.16/lib/action_dispatch/middleware/templates/rescues/unknown_action.erb within rescues/layout (0.3ms)


Started DELETE "/posts/1/comments/1" for 127.0.0.1 at 2014-02-09 16:18:30 +1100

AbstractController::ActionNotFound (The action 'destroy' could not be found for CommentsController):
  actionpack (3.2.16) lib/abstract_controller/base.rb:116:in `process'
  actionpack (3.2.16) lib/abstract_controller/rendering.rb:45:in `process'
  actionpack (3.2.16) lib/action_controller/metal.rb:203:in `dispatch'
  actionpack (3.2.16) lib/action_controller/metal/rack_delegation.rb:14:in `dispatch'
  actionpack (3.2.16) lib/action_controller/metal.rb:246:in `block in action'
  actionpack (3.2.16) lib/action_dispatch/routing/route_set.rb:73:in `call'
  actionpack (3.2.16) lib/action_dispatch/routing/route_set.rb:73:in `dispatch'
  actionpack (3.2.16) lib/action_dispatch/routing/route_set.rb:36:in `call'
  journey (1.0.4) lib/journey/router.rb:68:in `block in call'
  journey (1.0.4) lib/journey/router.rb:56:in `each'
  journey (1.0.4) lib/journey/router.rb:56:in `call'
  actionpack (3.2.16) lib/action_dispatch/routing/route_set.rb:608:in `call'
  actionpack (3.2.16) lib/action_dispatch/middleware/best_standards_support.rb:17:in `call'
  rack (1.4.5) lib/rack/etag.rb:23:in `call'
  rack (1.4.5) lib/rack/conditionalget.rb:35:in `call'
  actionpack (3.2.16) lib/action_dispatch/middleware/head.rb:14:in `call'
  actionpack (3.2.16) lib/action_dispatch/middleware/params_parser.rb:21:in `call'
  actionpack (3.2.16) lib/action_dispatch/middleware/flash.rb:242:in `call'
  rack (1.4.5) lib/rack/session/abstract/id.rb:210:in `context'
  rack (1.4.5) lib/rack/session/abstract/id.rb:205:in `call'
  actionpack (3.2.16) lib/action_dispatch/middleware/cookies.rb:341:in `call'
  activerecord (3.2.16) lib/active_record/query_cache.rb:64:in `call'
  activerecord (3.2.16) lib/active_record/connection_adapters/abstract/connection_pool.rb:479:in `call'
  actionpack (3.2.16) lib/action_dispatch/middleware/callbacks.rb:28:in `block in call'
  activesupport (3.2.16) lib/active_support/callbacks.rb:405:in `_run__1564750284914040129__call__2549483559929722528__callbacks'
  activesupport (3.2.16) lib/active_support/callbacks.rb:405:in `__run_callback'
  activesupport (3.2.16) lib/active_support/callbacks.rb:385:in `_run_call_callbacks'
  activesupport (3.2.16) lib/active_support/callbacks.rb:81:in `run_callbacks'
  actionpack (3.2.16) lib/action_dispatch/middleware/callbacks.rb:27:in `call'
  actionpack (3.2.16) lib/action_dispatch/middleware/reloader.rb:65:in `call'
  actionpack (3.2.16) lib/action_dispatch/middleware/remote_ip.rb:31:in `call'
  actionpack (3.2.16) lib/action_dispatch/middleware/debug_exceptions.rb:16:in `call'
  actionpack (3.2.16) lib/action_dispatch/middleware/show_exceptions.rb:56:in `call'
  railties (3.2.16) lib/rails/rack/logger.rb:32:in `call_app'
  railties (3.2.16) lib/rails/rack/logger.rb:16:in `block in call'
  activesupport (3.2.16) lib/active_support/tagged_logging.rb:22:in `tagged'
  railties (3.2.16) lib/rails/rack/logger.rb:16:in `call'
  actionpack (3.2.16) lib/action_dispatch/middleware/request_id.rb:22:in `call'
  rack (1.4.5) lib/rack/methodoverride.rb:21:in `call'
  rack (1.4.5) lib/rack/runtime.rb:17:in `call'
  activesupport (3.2.16) lib/active_support/cache/strategy/local_cache.rb:72:in `call'
  rack (1.4.5) lib/rack/lock.rb:15:in `call'
  actionpack (3.2.16) lib/action_dispatch/middleware/static.rb:63:in `call'
  railties (3.2.16) lib/rails/engine.rb:484:in `call'
  railties (3.2.16) lib/rails/application.rb:231:in `call'
  rack (1.4.5) lib/rack/content_length.rb:14:in `call'
  railties (3.2.16) lib/rails/rack/log_tailer.rb:17:in `call'
  rack (1.4.5) lib/rack/handler/webrick.rb:59:in `service'
  /Users/twer/.rvm/rubies/ruby-1.9.3-p448/lib/ruby/1.9.1/webrick/httpserver.rb:138:in `service'
  /Users/twer/.rvm/rubies/ruby-1.9.3-p448/lib/ruby/1.9.1/webrick/httpserver.rb:94:in `run'
  /Users/twer/.rvm/rubies/ruby-1.9.3-p448/lib/ruby/1.9.1/webrick/server.rb:191:in `block in start_thread'


  Rendered /Users/twer/.rvm/gems/ruby-1.9.3-p448/gems/actionpack-3.2.16/lib/action_dispatch/middleware/templates/rescues/unknown_action.erb within rescues/layout (0.4ms)


Started GET "/posts/1" for 127.0.0.1 at 2014-02-09 16:19:17 +1100
Processing by PostsController#show as HTML
  Parameters: {"id"=>"1"}
  [1m[36mPost Load (0.1ms)[0m  [1mSELECT `posts`.* FROM `posts` WHERE `posts`.`id` = 1 LIMIT 1[0m
  [1m[35mComment Load (0.1ms)[0m  SELECT `comments`.* FROM `comments` WHERE `comments`.`post_id` = 1
  Rendered posts/show.html.erb within layouts/application (14.2ms)
Completed 200 OK in 29.0ms (Views: 16.9ms | ActiveRecord: 6.2ms)


Started GET "/assets/application.css?body=1" for 127.0.0.1 at 2014-02-09 16:19:17 +1100
Served asset /application.css - 200 OK (0ms)


Started GET "/assets/comments.css?body=1" for 127.0.0.1 at 2014-02-09 16:19:17 +1100
Served asset /comments.css - 200 OK (0ms)


Started GET "/assets/scaffolds.css?body=1" for 127.0.0.1 at 2014-02-09 16:19:17 +1100
Served asset /scaffolds.css - 200 OK (0ms)


Started GET "/assets/posts.css?body=1" for 127.0.0.1 at 2014-02-09 16:19:17 +1100
Served asset /posts.css - 200 OK (0ms)


Started GET "/assets/jquery.js?body=1" for 127.0.0.1 at 2014-02-09 16:19:17 +1100
Served asset /jquery.js - 200 OK (0ms)


Started GET "/assets/jquery_ujs.js?body=1" for 127.0.0.1 at 2014-02-09 16:19:17 +1100
Served asset /jquery_ujs.js - 200 OK (0ms)


Started GET "/assets/comments.js?body=1" for 127.0.0.1 at 2014-02-09 16:19:17 +1100
Served asset /comments.js - 200 OK (0ms)


Started GET "/assets/posts.js?body=1" for 127.0.0.1 at 2014-02-09 16:19:17 +1100
Served asset /posts.js - 200 OK (0ms)


Started GET "/assets/application.js?body=1" for 127.0.0.1 at 2014-02-09 16:19:17 +1100
Served asset /application.js - 200 OK (0ms)


Started DELETE "/posts/1/comments/2" for 127.0.0.1 at 2014-02-09 16:19:21 +1100
Processing by CommentsController#destroy as HTML
  Parameters: {"authenticity_token"=>"z0rDDBcEXelfA6MoGIR+wXck+3jN3QHo7J5iajqL37M=", "post_id"=>"1", "id"=>"2"}
  [1m[36mComment Load (0.3ms)[0m  [1mSELECT `comments`.* FROM `comments` WHERE `comments`.`id` = 2 LIMIT 1[0m
  [1m[35m (0.1ms)[0m  BEGIN
  [1m[36mSQL (2.5ms)[0m  [1mDELETE FROM `comments` WHERE `comments`.`id` = 2[0m
  [1m[35m (0.3ms)[0m  COMMIT
  [1m[36mPost Load (0.3ms)[0m  [1mSELECT `posts`.* FROM `posts` WHERE `posts`.`id` = 1 LIMIT 1[0m
Redirected to http://localhost:3000/posts/1
Completed 302 Found in 10.8ms (ActiveRecord: 3.4ms)


Started GET "/posts/1" for 127.0.0.1 at 2014-02-09 16:19:21 +1100
Processing by PostsController#show as HTML
  Parameters: {"id"=>"1"}
  [1m[35mPost Load (0.3ms)[0m  SELECT `posts`.* FROM `posts` WHERE `posts`.`id` = 1 LIMIT 1
  [1m[36mComment Load (0.2ms)[0m  [1mSELECT `comments`.* FROM `comments` WHERE `comments`.`post_id` = 1[0m
  Rendered posts/show.html.erb within layouts/application (3.0ms)
Completed 200 OK in 7.6ms (Views: 6.4ms | ActiveRecord: 0.4ms)


Started GET "/posts/1" for 127.0.0.1 at 2014-02-09 16:22:01 +1100
Processing by PostsController#show as HTML
  Parameters: {"id"=>"1"}
  [1m[35mPost Load (0.2ms)[0m  SELECT `posts`.* FROM `posts` WHERE `posts`.`id` = 1 LIMIT 1
  [1m[36mComment Load (0.2ms)[0m  [1mSELECT `comments`.* FROM `comments` WHERE `comments`.`post_id` = 1[0m
  Rendered posts/show.html.erb within layouts/application (13.4ms)
Completed 200 OK in 30.2ms (Views: 17.0ms | ActiveRecord: 6.4ms)


Started GET "/assets/comments.css?body=1" for 127.0.0.1 at 2014-02-09 16:22:01 +1100
Served asset /comments.css - 200 OK (0ms)


Started GET "/assets/scaffolds.css?body=1" for 127.0.0.1 at 2014-02-09 16:22:01 +1100
Served asset /scaffolds.css - 200 OK (0ms)


Started GET "/assets/application.css?body=1" for 127.0.0.1 at 2014-02-09 16:22:01 +1100
Served asset /application.css - 200 OK (0ms)


Started GET "/assets/jquery.js?body=1" for 127.0.0.1 at 2014-02-09 16:22:01 +1100
Served asset /jquery.js - 200 OK (0ms)


Started GET "/assets/posts.css?body=1" for 127.0.0.1 at 2014-02-09 16:22:01 +1100
Served asset /posts.css - 200 OK (0ms)


Started GET "/assets/jquery_ujs.js?body=1" for 127.0.0.1 at 2014-02-09 16:22:01 +1100
Served asset /jquery_ujs.js - 200 OK (0ms)


Started GET "/assets/comments.js?body=1" for 127.0.0.1 at 2014-02-09 16:22:01 +1100
Served asset /comments.js - 200 OK (0ms)


Started GET "/assets/posts.js?body=1" for 127.0.0.1 at 2014-02-09 16:22:01 +1100
Served asset /posts.js - 200 OK (0ms)


Started GET "/assets/application.js?body=1" for 127.0.0.1 at 2014-02-09 16:22:01 +1100
Served asset /application.js - 200 OK (0ms)


Started GET "/posts" for 127.0.0.1 at 2014-02-09 16:22:05 +1100
Processing by PostsController#index as HTML
  [1m[35mPost Load (0.4ms)[0m  SELECT `posts`.* FROM `posts` 
  Rendered posts/index.html.erb within layouts/application (1.0ms)
Completed 200 OK in 6.3ms (Views: 4.9ms | ActiveRecord: 0.4ms)


Started GET "/assets/posts.css?body=1" for 127.0.0.1 at 2014-02-09 16:22:05 +1100
Served asset /posts.css - 200 OK (0ms)


Started GET "/assets/comments.css?body=1" for 127.0.0.1 at 2014-02-09 16:22:05 +1100
Served asset /comments.css - 200 OK (0ms)


Started GET "/assets/jquery.js?body=1" for 127.0.0.1 at 2014-02-09 16:22:05 +1100
Served asset /jquery.js - 200 OK (0ms)


Started GET "/assets/application.css?body=1" for 127.0.0.1 at 2014-02-09 16:22:05 +1100
Served asset /application.css - 200 OK (0ms)


Started GET "/assets/scaffolds.css?body=1" for 127.0.0.1 at 2014-02-09 16:22:05 +1100
Served asset /scaffolds.css - 200 OK (0ms)


Started GET "/assets/jquery_ujs.js?body=1" for 127.0.0.1 at 2014-02-09 16:22:05 +1100
Served asset /jquery_ujs.js - 200 OK (0ms)


Started GET "/assets/comments.js?body=1" for 127.0.0.1 at 2014-02-09 16:22:05 +1100
Served asset /comments.js - 200 OK (0ms)


Started GET "/assets/posts.js?body=1" for 127.0.0.1 at 2014-02-09 16:22:05 +1100
Served asset /posts.js - 200 OK (0ms)


Started GET "/assets/application.js?body=1" for 127.0.0.1 at 2014-02-09 16:22:05 +1100
Served asset /application.js - 200 OK (0ms)


Started GET "/posts/1" for 127.0.0.1 at 2014-02-09 16:22:08 +1100
Processing by PostsController#show as HTML
  Parameters: {"id"=>"1"}
  [1m[36mPost Load (0.3ms)[0m  [1mSELECT `posts`.* FROM `posts` WHERE `posts`.`id` = 1 LIMIT 1[0m
  [1m[35mComment Load (0.3ms)[0m  SELECT `comments`.* FROM `comments` WHERE `comments`.`post_id` = 1
  Rendered posts/show.html.erb within layouts/application (3.2ms)
Completed 200 OK in 8.2ms (Views: 6.7ms | ActiveRecord: 0.5ms)


Started GET "/posts" for 127.0.0.1 at 2014-02-09 16:22:29 +1100
Processing by PostsController#index as HTML
  [1m[36mPost Load (0.2ms)[0m  [1mSELECT `posts`.* FROM `posts` [0m
  Rendered posts/index.html.erb within layouts/application (1.6ms)
Completed 200 OK in 9.4ms (Views: 8.0ms | ActiveRecord: 0.2ms)
